<?xml version="1.0" encoding="UTF-8"?>
<testsuite name="com.audition.AuditionApplicationTests" tests="10" skipped="0" failures="0" errors="0" timestamp="2024-08-08T02:12:17" hostname="ThashitaransMBP.gateway" time="0.24">
  <properties/>
  <testcase name="testGetCommentsSuccess()" classname="com.audition.AuditionApplicationTests" time="0.123"/>
  <testcase name="testGetPostsOtherError()" classname="com.audition.AuditionApplicationTests" time="0.026"/>
  <testcase name="testGetPostsNotFound()" classname="com.audition.AuditionApplicationTests" time="0.01"/>
  <testcase name="testGetPostByIdNotFound()" classname="com.audition.AuditionApplicationTests" time="0.008"/>
  <testcase name="testGetPostsSuccess()" classname="com.audition.AuditionApplicationTests" time="0.008"/>
  <testcase name="testGetCommentsNotFound()" classname="com.audition.AuditionApplicationTests" time="0.007"/>
  <testcase name="testGetPostByIdOtherError()" classname="com.audition.AuditionApplicationTests" time="0.007"/>
  <testcase name="testGetPostWithCommentsByIdNotFound()" classname="com.audition.AuditionApplicationTests" time="0.007"/>
  <testcase name="testGetPostByIdSuccess()" classname="com.audition.AuditionApplicationTests" time="0.007"/>
  <testcase name="testGetPostWithCommentsByIdSuccess()" classname="com.audition.AuditionApplicationTests" time="0.008"/>
  <system-out><![CDATA[12:12:06.198 [Test worker] DEBUG org.springframework.boot.test.context.SpringBootTestContextBootstrapper - Neither @ContextConfiguration nor @ContextHierarchy found for test class [AuditionApplicationTests]: using SpringBootContextLoader
12:12:06.227 [Test worker] DEBUG org.springframework.test.context.support.AbstractContextLoader - Could not detect default resource locations for test class [com.audition.AuditionApplicationTests]: no resource found for suffixes {-context.xml, Context.groovy}.
12:12:06.231 [Test worker] INFO org.springframework.test.context.support.AnnotationConfigContextLoaderUtils - Could not detect default configuration classes for test class [com.audition.AuditionApplicationTests]: AuditionApplicationTests does not declare any static, non-private, non-final, nested classes annotated with @Configuration.
12:12:06.380 [Test worker] DEBUG org.springframework.boot.test.context.SpringBootTestContextBootstrapper - Using ContextCustomizers for test class [AuditionApplicationTests]: [DisableObservabilityContextCustomizer, PropertyMappingContextCustomizer, Customizer, ExcludeFilterContextCustomizer, DuplicateJsonObjectContextCustomizer, MockitoContextCustomizer, TestRestTemplateContextCustomizer]
12:12:06.764 [Test worker] DEBUG org.springframework.context.annotation.ClassPathScanningCandidateComponentProvider - Identified candidate component class: file [/Volumes/DATA/Medibank/audition-api/build/classes/java/main/com/audition/AuditionApplication.class]
12:12:06.767 [Test worker] INFO org.springframework.boot.test.context.SpringBootTestContextBootstrapper - Found @SpringBootConfiguration com.audition.AuditionApplication for test class com.audition.AuditionApplicationTests
12:12:07.362 [Test worker] DEBUG org.springframework.test.context.util.TestContextSpringFactoriesUtils - Skipping candidate TestExecutionListener [org.springframework.test.context.transaction.TransactionalTestExecutionListener] due to a missing dependency. Specify custom TestExecutionListener classes or make the default TestExecutionListener classes and their required dependencies available. Offending class: [org/springframework/transaction/interceptor/TransactionAttributeSource]
12:12:07.370 [Test worker] DEBUG org.springframework.test.context.util.TestContextSpringFactoriesUtils - Skipping candidate TestExecutionListener [org.springframework.test.context.jdbc.SqlScriptsTestExecutionListener] due to a missing dependency. Specify custom TestExecutionListener classes or make the default TestExecutionListener classes and their required dependencies available. Offending class: [org/springframework/transaction/interceptor/TransactionAttribute]
12:12:07.382 [Test worker] DEBUG org.springframework.boot.test.context.SpringBootTestContextBootstrapper - Using TestExecutionListeners for test class [AuditionApplicationTests]: [ServletTestExecutionListener, DirtiesContextBeforeModesTestExecutionListener, ApplicationEventsTestExecutionListener, MockitoTestExecutionListener, DependencyInjectionTestExecutionListener, DirtiesContextTestExecutionListener, EventPublishingTestExecutionListener, RestDocsTestExecutionListener, MockRestServiceServerResetTestExecutionListener, MockMvcPrintOnlyOnFailureTestExecutionListener, WebDriverTestExecutionListener, MockWebServiceServerTestExecutionListener, ResetMocksTestExecutionListener]
12:12:07.387 [Test worker] DEBUG org.springframework.test.context.support.AbstractDirtiesContextTestExecutionListener - Before test class: class [AuditionApplicationTests], class annotated with @DirtiesContext [false] with mode [null]
12:12:11,420 |-INFO in ch.qos.logback.core.joran.util.ConfigurationWatchListUtil@64cdc310 - Adding [jar:file:/Users/Thashitharan/.gradle/caches/modules-2/files-2.1/org.springframework.boot/spring-boot/3.0.3/d781e7afbeb3d05ce361e9cc4fa7d38b15fb3862/spring-boot-3.0.3.jar!/org/springframework/boot/logging/logback/defaults.xml] to configuration watch list.
12:12:11,421 |-INFO in ch.qos.logback.core.joran.spi.ConfigurationWatchList@7d563c13 - URL [jar:file:/Users/Thashitharan/.gradle/caches/modules-2/files-2.1/org.springframework.boot/spring-boot/3.0.3/d781e7afbeb3d05ce361e9cc4fa7d38b15fb3862/spring-boot-3.0.3.jar!/org/springframework/boot/logging/logback/defaults.xml] is not of type file
12:12:11,424 |-INFO in ch.qos.logback.core.joran.action.ConversionRuleAction - registering conversion word clr with class [org.springframework.boot.logging.logback.ColorConverter]
12:12:11,425 |-INFO in ch.qos.logback.core.joran.action.ConversionRuleAction - registering conversion word wex with class [org.springframework.boot.logging.logback.WhitespaceThrowableProxyConverter]
12:12:11,425 |-INFO in ch.qos.logback.core.joran.action.ConversionRuleAction - registering conversion word wEx with class [org.springframework.boot.logging.logback.ExtendedWhitespaceThrowableProxyConverter]
12:12:11,521 |-INFO in ch.qos.logback.core.model.processor.AppenderModelHandler - Processing appender named [console]
12:12:11,521 |-INFO in ch.qos.logback.core.model.processor.AppenderModelHandler - About to instantiate appender of type [ch.qos.logback.core.ConsoleAppender]
12:12:11,534 |-INFO in ch.qos.logback.core.model.processor.ImplicitModelHandler - Assuming default type [ch.qos.logback.classic.encoder.PatternLayoutEncoder] for [encoder] property
12:12:11,585 |-WARN in ch.qos.logback.core.model.processor.AppenderModelHandler - Appender named [flatfile] not referenced. Skipping further processing.
12:12:11,585 |-WARN in ch.qos.logback.core.model.processor.AppenderModelHandler - Appender named [logstash] not referenced. Skipping further processing.
12:12:11,585 |-INFO in ch.qos.logback.classic.model.processor.LoggerModelHandler - Setting level of logger [org.apache.catalina.startup.DigesterFactory] to ERROR
12:12:11,586 |-INFO in ch.qos.logback.classic.jul.LevelChangePropagator@510a2c7 - Propagating ERROR level on Logger[org.apache.catalina.startup.DigesterFactory] onto the JUL framework
12:12:11,587 |-INFO in ch.qos.logback.classic.model.processor.LoggerModelHandler - Setting level of logger [org.apache.catalina.util.LifecycleBase] to ERROR
12:12:11,587 |-INFO in ch.qos.logback.classic.jul.LevelChangePropagator@510a2c7 - Propagating ERROR level on Logger[org.apache.catalina.util.LifecycleBase] onto the JUL framework
12:12:11,587 |-INFO in ch.qos.logback.classic.model.processor.LoggerModelHandler - Setting level of logger [org.apache.coyote.http11.Http11NioProtocol] to WARN
12:12:11,587 |-INFO in ch.qos.logback.classic.jul.LevelChangePropagator@510a2c7 - Propagating WARN level on Logger[org.apache.coyote.http11.Http11NioProtocol] onto the JUL framework
12:12:11,587 |-INFO in ch.qos.logback.classic.model.processor.LoggerModelHandler - Setting level of logger [org.apache.sshd.common.util.SecurityUtils] to WARN
12:12:11,587 |-INFO in ch.qos.logback.classic.jul.LevelChangePropagator@510a2c7 - Propagating WARN level on Logger[org.apache.sshd.common.util.SecurityUtils] onto the JUL framework
12:12:11,588 |-INFO in ch.qos.logback.classic.model.processor.LoggerModelHandler - Setting level of logger [org.apache.tomcat.util.net.NioSelectorPool] to WARN
12:12:11,588 |-INFO in ch.qos.logback.classic.jul.LevelChangePropagator@510a2c7 - Propagating WARN level on Logger[org.apache.tomcat.util.net.NioSelectorPool] onto the JUL framework
12:12:11,588 |-INFO in ch.qos.logback.classic.model.processor.LoggerModelHandler - Setting level of logger [org.eclipse.jetty.util.component.AbstractLifeCycle] to ERROR
12:12:11,588 |-INFO in ch.qos.logback.classic.jul.LevelChangePropagator@510a2c7 - Propagating ERROR level on Logger[org.eclipse.jetty.util.component.AbstractLifeCycle] onto the JUL framework
12:12:11,588 |-INFO in ch.qos.logback.classic.model.processor.LoggerModelHandler - Setting level of logger [org.hibernate.validator.internal.util.Version] to WARN
12:12:11,588 |-INFO in ch.qos.logback.classic.jul.LevelChangePropagator@510a2c7 - Propagating WARN level on Logger[org.hibernate.validator.internal.util.Version] onto the JUL framework
12:12:11,588 |-INFO in ch.qos.logback.classic.model.processor.LoggerModelHandler - Setting level of logger [org.springframework.boot.actuate.endpoint.jmx] to WARN
12:12:11,588 |-INFO in ch.qos.logback.classic.jul.LevelChangePropagator@510a2c7 - Propagating WARN level on Logger[org.springframework.boot.actuate.endpoint.jmx] onto the JUL framework
12:12:11,588 |-INFO in ch.qos.logback.classic.model.processor.RootLoggerModelHandler - Setting level of ROOT logger to INFO
12:12:11,588 |-INFO in ch.qos.logback.classic.jul.LevelChangePropagator@510a2c7 - Propagating INFO level on Logger[ROOT] onto the JUL framework
12:12:11,589 |-INFO in ch.qos.logback.core.model.processor.AppenderRefModelHandler - Attaching appender named [console] to Logger[ROOT]
12:12:11,589 |-INFO in ch.qos.logback.core.model.processor.DefaultProcessor@14fe085b - End of configuration.
12:12:11,589 |-INFO in org.springframework.boot.logging.logback.SpringBootJoranConfigurator@1ea19c97 - Registering current configuration as safe fallback point


  .   ____          _            __ _ _
 /\\ / ___'_ __ _ _(_)_ __  __ _ \ \ \ \
( ( )\___ | '_ | '_| | '_ \/ _` | \ \ \ \
 \\/  ___)| |_)| | | | | || (_| |  ) ) ) )
  '  |____| .__|_| |_|_| |_\__, | / / / /
 =========|_|==============|___/=/_/_/_/
 :: Spring Boot ::                (v3.0.3)

2024-08-08 12:12:11.751  INFO 35679 --- [    Test worker] com.audition.AuditionApplicationTests    : Starting AuditionApplicationTests using Java 17.0.3.1 with PID 35679 (started by Thashitharan in /Volumes/DATA/Medibank/audition-api)
2024-08-08 12:12:11.753  INFO 35679 --- [    Test worker] com.audition.AuditionApplicationTests    : No active profile set, falling back to 1 default profile: "default"
2024-08-08 12:12:11.876  INFO 35679 --- [    Test worker] o.s.c.c.c.ConfigServerConfigDataLoader   : Fetching config from server at : http://localhost:8888
2024-08-08 12:12:11.876  INFO 35679 --- [    Test worker] o.s.c.c.c.ConfigServerConfigDataLoader   : Connect Timeout Exception on Url - http://localhost:8888. Will try the next url if available
2024-08-08 12:12:11.877  WARN 35679 --- [    Test worker] o.s.c.c.c.ConfigServerConfigDataLoader   : Could not locate PropertySource ([ConfigServerConfigDataResource@3e71a1f8 uris = array<String>['http://localhost:8888'], optional = true, profiles = list['default']]): I/O error on GET request for "http://localhost:8888/application/default": Connection refused
2024-08-08 12:12:13.939  INFO 35679 --- [    Test worker] o.s.cloud.context.scope.GenericScope     : BeanFactory id=0f9aa43a-50a5-35d0-b6b1-909a05becf9a
2024-08-08 12:12:15.391  INFO 35679 --- [    Test worker] o.s.b.a.e.web.EndpointLinksResolver      : Exposing 1 endpoint(s) beneath base path '/actuator'
2024-08-08 12:12:15.481  INFO 35679 --- [    Test worker] com.audition.AuditionApplicationTests    : Started AuditionApplicationTests in 7.845 seconds (process running for 13.632)
]]></system-out>
  <system-err><![CDATA[]]></system-err>
</testsuite>
